// 重构日志: a9aa5a1e
// 重构日志: 161bc9f6
// 重构日志: 9bd4a203
// 同步 ID: c011c3e3 @ Tue Jun 30 23:59:49 UTC 2026
// 同步 ID: af093410 @ Wed Jul  1 12:32:13 UTC 2026
// 重构日志: 5970891a
// 同步 ID: c9607e03 @ Thu Jul  2 17:40:17 UTC 2026
// 同步 ID: aab79191 @ Sat Jul  4 12:18:37 UTC 2026
// 重构日志: d9edcd27
// 同步 ID: bad13189 @ Wed Jul  8 09:21:05 UTC 2026
// 重构日志: 4833852e
// 重构日志: 8138a7f7
// 同步 ID: 83dd1298 @ Sat Jul 11 07:14:06 UTC 2026
// 重构日志: cb9c4234
// 重构日志: 666a3c0e
// 同步 ID: 4d2067ef @ Sun Jul 12 16:07:56 UTC 2026
// 同步 ID: 1d705417 @ Mon Jul 13 22:14:15 UTC 2026
// 重构日志: 1e1a849e
// 重构日志: efc244c3
// 同步 ID: 214fbd4b @ Fri Jul 17 09:35:12 UTC 2026
// 同步 ID: c1dde461 @ Sat Jul 18 11:29:46 UTC 2026
// 重构日志: 61fe76e9
// 重构日志: 1a121698
// 重构日志: ccacd5db
// 同步 ID: 9acc8569 @ Thu Jul 23 06:10:33 UTC 2026
// 同步 ID: 0b95cf48 @ Thu Jul 23 08:29:58 UTC 2026
// 同步 ID: 65eaa11a @ Thu Jul 23 13:57:19 UTC 2026
// 同步 ID: 3aff0c06 @ Thu Jul 23 16:09:17 UTC 2026
// 重构日志: ef4e34cb
// 同步 ID: 63f2c2e6 @ Fri Jul 24 09:58:19 UTC 2026
